2021-04-26 15:28:14 [scrapy.utils.log] INFO: Scrapy 2.4.0 started (bot: ScrappingApplication)
2021-04-26 15:28:14 [scrapy.utils.log] INFO: Versions: lxml 4.5.1.0, libxml2 2.9.9, cssselect 1.1.0, parsel 1.5.2, w3lib 1.21.0, Twisted 20.3.0, Python 3.8.0 (default, Nov  6 2019, 16:00:02) [MSC v.1916 64 bit (AMD64)], pyOpenSSL 20.0.0 (OpenSSL 1.1.1k  25 Mar 2021), cryptography 3.3.1, Platform Windows-10-10.0.19041-SP0
2021-04-26 15:28:14 [scrapy.utils.log] DEBUG: Using reactor: twisted.internet.selectreactor.SelectReactor
2021-04-26 15:28:14 [scrapy.crawler] INFO: Overridden settings:
{'BOT_NAME': 'ScrappingApplication',
 'LOG_FILE': 'logs\\default\\imdb-crawl\\19a1109da67a11eba5e598e7f4f671d6.log',
 'NEWSPIDER_MODULE': 'ScrappingApplication.spiders',
 'ROBOTSTXT_OBEY': True,
 'SPIDER_MODULES': ['ScrappingApplication.spiders'],
 'USER_AGENT': 'Mozilla/5.0 (compatible; Googlebot/2.1; '
               '+http://www.google.com/bot.html)'}
2021-04-26 15:28:14 [scrapy.extensions.telnet] INFO: Telnet Password: 6802bd353bd430a5
2021-04-26 15:28:14 [scrapy.middleware] INFO: Enabled extensions:
['scrapy.extensions.corestats.CoreStats',
 'scrapy.extensions.telnet.TelnetConsole',
 'scrapy.extensions.logstats.LogStats']
2021-04-26 15:28:14 [scrapy.middleware] INFO: Enabled downloader middlewares:
['scrapy.downloadermiddlewares.robotstxt.RobotsTxtMiddleware',
 'scrapy.downloadermiddlewares.httpauth.HttpAuthMiddleware',
 'scrapy.downloadermiddlewares.downloadtimeout.DownloadTimeoutMiddleware',
 'scrapy.downloadermiddlewares.defaultheaders.DefaultHeadersMiddleware',
 'scrapy.downloadermiddlewares.useragent.UserAgentMiddleware',
 'scrapy.downloadermiddlewares.retry.RetryMiddleware',
 'scrapy.downloadermiddlewares.redirect.MetaRefreshMiddleware',
 'scrapy.downloadermiddlewares.httpcompression.HttpCompressionMiddleware',
 'scrapy.downloadermiddlewares.redirect.RedirectMiddleware',
 'scrapy.downloadermiddlewares.cookies.CookiesMiddleware',
 'scrapy.downloadermiddlewares.httpproxy.HttpProxyMiddleware',
 'scrapy.downloadermiddlewares.stats.DownloaderStats']
2021-04-26 15:28:14 [scrapy.middleware] INFO: Enabled spider middlewares:
['scrapy.spidermiddlewares.httperror.HttpErrorMiddleware',
 'scrapy.spidermiddlewares.offsite.OffsiteMiddleware',
 'scrapy.spidermiddlewares.referer.RefererMiddleware',
 'scrapy.spidermiddlewares.urllength.UrlLengthMiddleware',
 'scrapy.spidermiddlewares.depth.DepthMiddleware']
2021-04-26 15:28:15 [twisted] CRITICAL: Unhandled error in Deferred:
2021-04-26 15:28:15 [twisted] CRITICAL: 
Traceback (most recent call last):
  File "c:\users\ahmad\anaconda3\envs\myenv\lib\site-packages\twisted\internet\defer.py", line 1418, in _inlineCallbacks
    result = g.send(result)
  File "c:\users\ahmad\anaconda3\envs\myenv\lib\site-packages\scrapy\crawler.py", line 87, in crawl
    self.engine = self._create_engine()
  File "c:\users\ahmad\anaconda3\envs\myenv\lib\site-packages\scrapy\crawler.py", line 101, in _create_engine
    return ExecutionEngine(self, lambda _: self.stop())
  File "c:\users\ahmad\anaconda3\envs\myenv\lib\site-packages\scrapy\core\engine.py", line 70, in __init__
    self.scraper = Scraper(crawler)
  File "c:\users\ahmad\anaconda3\envs\myenv\lib\site-packages\scrapy\core\scraper.py", line 71, in __init__
    self.itemproc = itemproc_cls.from_crawler(crawler)
  File "c:\users\ahmad\anaconda3\envs\myenv\lib\site-packages\scrapy\middleware.py", line 53, in from_crawler
    return cls.from_settings(crawler.settings, crawler)
  File "c:\users\ahmad\anaconda3\envs\myenv\lib\site-packages\scrapy\middleware.py", line 35, in from_settings
    mw = create_instance(mwcls, settings, crawler)
  File "c:\users\ahmad\anaconda3\envs\myenv\lib\site-packages\scrapy\utils\misc.py", line 167, in create_instance
    instance = objcls.from_crawler(crawler, *args, **kwargs)
  File "C:\Users\ahmad\PycharmProjects\djangowebcrawler\ScrappingApplication\pipelines.py", line 40, in from_crawler
    return cls(
TypeError: ScrappingSqLitePipeline() takes no arguments
